-------------------------------------------------------------------------------
Test set: com.poc.ui.UiTests
-------------------------------------------------------------------------------
Tests run: 4, Failures: 1, Errors: 1, Skipped: 1, Time elapsed: 15.358 s <<< FAILURE! - in com.poc.ui.UiTests
com.poc.ui.UiTests.simpleTest  Time elapsed: 11.862 s  <<< ERROR!
org.openqa.selenium.NoSuchElementException: 
no such element: Unable to locate element: {"method":"xpath","selector":"//button[./div[text()='Accept all']]"}
  (Session info: chrome=126.0.6478.126)
For documentation on this error, please visit: https://www.selenium.dev/documentation/webdriver/troubleshooting/errors#no-such-element-exception
Build info: version: '4.22.0', revision: 'c5f3146703*'
System info: os.name: 'Linux', os.arch: 'amd64', os.version: '6.5.0-1022-azure', java.version: '17.0.11'
Driver info: org.openqa.selenium.chrome.ChromeDriver
Command: [472f59b908bd44f16b69320d87824d9b, findElement {using=xpath, value=//button[./div[text()='Accept all']]}]
Capabilities {acceptInsecureCerts: false, browserName: chrome, browserVersion: 126.0.6478.126, chrome: {chromedriverVersion: 126.0.6478.126 (d36ace6122e..., userDataDir: /tmp/.org.chromium.Chromium...}, fedcm:accounts: true, goog:chromeOptions: {debuggerAddress: localhost:36879}, networkConnectionEnabled: false, pageLoadStrategy: normal, platformName: linux, proxy: Proxy(), se:cdp: ws://localhost:36879/devtoo..., se:cdpVersion: 126.0.6478.126, setWindowRect: true, strictFileInteractability: false, timeouts: {implicit: 0, pageLoad: 300000, script: 30000}, unhandledPromptBehavior: dismiss and notify, webauthn:extension:credBlob: true, webauthn:extension:largeBlob: true, webauthn:extension:minPinLength: true, webauthn:extension:prf: true, webauthn:virtualAuthenticators: true}
Session ID: 472f59b908bd44f16b69320d87824d9b
	at com.poc.ui.UiTests.getAcceptAllBtn(UiTests.java:98)
	at com.poc.ui.UiTests.simpleTest(UiTests.java:69)

com.poc.ui.UiTests.alwaysFailingUiTest  Time elapsed: 1.882 s  <<< FAILURE!
org.opentest4j.AssertionFailedError: 

Expecting value to be false but was true
	at com.poc.ui.UiTests.alwaysFailingUiTest(UiTests.java:90)

